d:\faculdade\10o semestre\oe2pin2 - sistema operacional embarcado ii - lab\af1_freertos_elevador\project\af1_freertos_elevador\af1_freertos_elevador\debug\vc142.pdb
d:\faculdade\10o semestre\oe2pin2 - sistema operacional embarcado ii - lab\af1_freertos_elevador\project\af1_freertos_elevador\af1_freertos_elevador\debug\vc142.idb
d:\faculdade\10o semestre\oe2pin2 - sistema operacional embarcado ii - lab\af1_freertos_elevador\project\af1_freertos_elevador\af1_freertos_elevador\debug\main.obj
d:\faculdade\10o semestre\oe2pin2 - sistema operacional embarcado ii - lab\af1_freertos_elevador\project\af1_freertos_elevador\af1_freertos_elevador\debug\supporting_functions.obj
d:\faculdade\10o semestre\oe2pin2 - sistema operacional embarcado ii - lab\af1_freertos_elevador\project\af1_freertos_elevador\af1_freertos_elevador\debug\timers.obj
d:\faculdade\10o semestre\oe2pin2 - sistema operacional embarcado ii - lab\af1_freertos_elevador\project\af1_freertos_elevador\af1_freertos_elevador\debug\tasks.obj
d:\faculdade\10o semestre\oe2pin2 - sistema operacional embarcado ii - lab\af1_freertos_elevador\project\af1_freertos_elevador\af1_freertos_elevador\debug\queue.obj
d:\faculdade\10o semestre\oe2pin2 - sistema operacional embarcado ii - lab\af1_freertos_elevador\project\af1_freertos_elevador\af1_freertos_elevador\debug\port.obj
d:\faculdade\10o semestre\oe2pin2 - sistema operacional embarcado ii - lab\af1_freertos_elevador\project\af1_freertos_elevador\af1_freertos_elevador\debug\heap_4.obj
d:\faculdade\10o semestre\oe2pin2 - sistema operacional embarcado ii - lab\af1_freertos_elevador\project\af1_freertos_elevador\af1_freertos_elevador\debug\list.obj
d:\faculdade\10o semestre\oe2pin2 - sistema operacional embarcado ii - lab\af1_freertos_elevador\project\af1_freertos_elevador\af1_freertos_elevador\debug\af1_freertos_elevador.exe
d:\faculdade\10o semestre\oe2pin2 - sistema operacional embarcado ii - lab\af1_freertos_elevador\project\af1_freertos_elevador\af1_freertos_elevador\debug\af1_freertos_elevador.ilk
d:\faculdade\10o semestre\oe2pin2 - sistema operacional embarcado ii - lab\af1_freertos_elevador\project\af1_freertos_elevador\af1_freertos_elevador\debug\af1_freertos_elevador.pdb
d:\faculdade\10o semestre\oe2pin2 - sistema operacional embarcado ii - lab\af1_freertos_elevador\project\af1_freertos_elevador\af1_freertos_elevador\debug\main.obj.enc
d:\faculdade\10o semestre\oe2pin2 - sistema operacional embarcado ii - lab\af1_freertos_elevador\project\af1_freertos_elevador\af1_freertos_elevador\debug\af1_free.05f4cdf4.tlog\cl.command.1.tlog
d:\faculdade\10o semestre\oe2pin2 - sistema operacional embarcado ii - lab\af1_freertos_elevador\project\af1_freertos_elevador\af1_freertos_elevador\debug\af1_free.05f4cdf4.tlog\cl.read.1.tlog
d:\faculdade\10o semestre\oe2pin2 - sistema operacional embarcado ii - lab\af1_freertos_elevador\project\af1_freertos_elevador\af1_freertos_elevador\debug\af1_free.05f4cdf4.tlog\cl.write.1.tlog
d:\faculdade\10o semestre\oe2pin2 - sistema operacional embarcado ii - lab\af1_freertos_elevador\project\af1_freertos_elevador\af1_freertos_elevador\debug\af1_free.05f4cdf4.tlog\link.command.1.tlog
d:\faculdade\10o semestre\oe2pin2 - sistema operacional embarcado ii - lab\af1_freertos_elevador\project\af1_freertos_elevador\af1_freertos_elevador\debug\af1_free.05f4cdf4.tlog\link.read.1.tlog
d:\faculdade\10o semestre\oe2pin2 - sistema operacional embarcado ii - lab\af1_freertos_elevador\project\af1_freertos_elevador\af1_freertos_elevador\debug\af1_free.05f4cdf4.tlog\link.write.1.tlog
